<?xml version="1.0" encoding="UTF-8"?>
<!-- Generated by org.testng.reporters.JUnitXMLReporter -->
<testsuite hostname="EPINHYDW1414" ignored="3" tests="0" failures="0" timestamp="18 Nov 2019 13:08:12 GMT" time="15.492" errors="0">
  <testcase name="@AfterSuite release" time="0.0" classname="basetest.ExtentReportsBaseTest">
    <ignored/>
  </testcase> <!-- @AfterSuite release -->
  <testcase name="nothingtodo" time="0.0" classname="basetest.ExtentReportsBaseTest">
    <ignored/>
  </testcase> <!-- nothingtodo -->
  <testcase name="nothingtodo" time="0.0" classname="basetest.ExtentReportsBaseTest">
    <ignored/>
  </testcase> <!-- nothingtodo -->
</testsuite>
