<?xml version="1.0" encoding="UTF-8"?>
<!-- Generated by org.testng.reporters.JUnitXMLReporter -->
<testsuite hostname="EPINHYDW1414" ignored="1" name="Default test" tests="3" failures="0" timestamp="18 Nov 2019 12:31:47 GMT" time="49.282" errors="0">
  <testcase name="getProfileTest" time="21.529" classname="tests.Headless"/>
  <testcase name="selectMobile" time="10.309" classname="tests.Headless"/>
  <testcase name="cart" time="8.214" classname="tests.Headless"/>
  <testcase name="nothingtodo" time="0.0" classname="basetest.ExtentReportsBaseTest">
    <ignored/>
  </testcase> <!-- nothingtodo -->
</testsuite> <!-- Default test -->
