<?xml version="1.0" encoding="UTF-8"?>
<!-- Generated by org.testng.reporters.JUnitXMLReporter -->
<testsuite hostname="EPINHYDW1414" ignored="1" name="FireFoxTest_HEADLESS" tests="3" failures="0" timestamp="19 Nov 2019 05:40:09 GMT" time="0.071" errors="0">
  <testcase name="@BeforeTest setUpF" time="0.032" classname="basetest.HeadLessBase">
    <failure type="java.lang.Error" message="Unresolved compilation problems: 
	The method setHeadless(boolean) is undefined for the type FirefoxOptions
	The method setHeadless(boolean) is undefined for the type ChromeOptions
">
      <![CDATA[java.lang.Error: Unresolved compilation problems: 
The method setHeadless(boolean) is undefined for the type FirefoxOptions
The method setHeadless(boolean) is undefined for the type ChromeOptions

at basetest.HeadLessBase.setUpF(HeadLessBase.java:39)
at java.util.concurrent.FutureTask.run(FutureTask.java:266)
at java.util.concurrent.ThreadPoolExecutor.runWorker(ThreadPoolExecutor.java:1149)
at java.util.concurrent.ThreadPoolExecutor$Worker.run(ThreadPoolExecutor.java:624)
at java.lang.Thread.run(Thread.java:748)
... Removed 15 stack frames]]>
    </failure>
  </testcase> <!-- @BeforeTest setUpF -->
  <testcase name="@BeforeTest homepagesetup" time="0.0" classname="tests.Headless">
    <skipped/>
  </testcase> <!-- @BeforeTest homepagesetup -->
  <testcase name="@BeforeClass initLogger" time="0.0" classname="tests.Headless">
    <skipped/>
  </testcase> <!-- @BeforeClass initLogger -->
  <testcase name="@AfterMethod fail" time="0.0" classname="tests.Headless">
    <skipped/>
  </testcase> <!-- @AfterMethod fail -->
  <testcase name="getProfileTest" time="0.0" classname="tests.Headless">
    <skipped/>
  </testcase> <!-- getProfileTest -->
  <testcase name="selectMobile" time="0.0" classname="tests.Headless">
    <skipped/>
  </testcase> <!-- selectMobile -->
  <testcase name="cart" time="0.0" classname="tests.Headless">
    <skipped/>
  </testcase> <!-- cart -->
  <testcase name="nothingtodo" time="0.0" classname="basetest.ExtentReportsBaseTest">
    <ignored/>
  </testcase> <!-- nothingtodo -->
</testsuite> <!-- FireFoxTest_HEADLESS -->
