<?xml version="1.0" encoding="UTF-8"?>
<!-- Generated by org.testng.reporters.JUnitXMLReporter -->
<testsuite hostname="EPINHYDW1414" ignored="1" name="FireFoxTest_HEADLESS" tests="3" failures="0" timestamp="18 Nov 2019 14:07:13 GMT" time="55.288" errors="0">
  <testcase name="getProfileTest" time="18.919" classname="tests.Headless"/>
  <testcase name="selectMobile" time="9.287" classname="tests.Headless"/>
  <testcase name="cart" time="17.722" classname="tests.Headless"/>
  <testcase name="nothingtodo" time="0.0" classname="basetest.ExtentReportsBaseTest">
    <ignored/>
  </testcase> <!-- nothingtodo -->
</testsuite> <!-- FireFoxTest_HEADLESS -->
