<?xml version="1.0" encoding="UTF-8"?>
<!-- Generated by org.testng.reporters.JUnitXMLReporter -->
<testsuite hostname="EPINHYDW1414" ignored="1" name="HtmlUnitTest" tests="3" failures="0" timestamp="18 Nov 2019 13:46:23 GMT" time="0.049" errors="0">
  <testcase name="@BeforeTest setUpF" time="0.013" classname="basetest.HeadLessBase">
    <failure type="java.lang.Exception" message="Browser not correct">
      <![CDATA[java.lang.Exception: Browser not correct
at basetest.HeadLessBase.setUpF(HeadLessBase.java:62)
at java.util.concurrent.FutureTask.run(Unknown Source)
at java.util.concurrent.ThreadPoolExecutor.runWorker(Unknown Source)
at java.util.concurrent.ThreadPoolExecutor$Worker.run(Unknown Source)
at java.lang.Thread.run(Unknown Source)
... Removed 15 stack frames]]>
    </failure>
  </testcase> <!-- @BeforeTest setUpF -->
  <testcase name="@BeforeTest homepagesetup" time="0.0" classname="tests.Headless">
    <skipped/>
  </testcase> <!-- @BeforeTest homepagesetup -->
  <testcase name="@BeforeClass initLogger" time="0.0" classname="tests.Headless">
    <skipped/>
  </testcase> <!-- @BeforeClass initLogger -->
  <testcase name="@AfterMethod fail" time="0.0" classname="tests.Headless">
    <skipped/>
  </testcase> <!-- @AfterMethod fail -->
  <testcase name="getProfileTest" time="0.0" classname="tests.Headless">
    <skipped/>
  </testcase> <!-- getProfileTest -->
  <testcase name="selectMobile" time="0.0" classname="tests.Headless">
    <skipped/>
  </testcase> <!-- selectMobile -->
  <testcase name="cart" time="0.0" classname="tests.Headless">
    <skipped/>
  </testcase> <!-- cart -->
  <testcase name="nothingtodo" time="0.0" classname="basetest.ExtentReportsBaseTest">
    <ignored/>
  </testcase> <!-- nothingtodo -->
</testsuite> <!-- HtmlUnitTest -->
