<?xml version="1.0" encoding="UTF-8"?>
<!-- Generated by org.testng.reporters.JUnitXMLReporter -->
<testsuite hostname="EPINHYDW1414" ignored="1" name="ChromeTest" tests="3" failures="0" timestamp="18 Nov 2019 06:25:53 GMT" time="59.208" errors="0">
  <testcase name="getProfileTest" time="15.335" classname="tests.SmartWatch"/>
  <testcase name="selectMobile" time="9.393" classname="tests.SmartWatch"/>
  <testcase name="cart" time="9.161" classname="tests.SmartWatch"/>
  <testcase name="nothingtodo" time="0.0" classname="basetest.ExtentReportsBaseTest">
    <ignored/>
  </testcase> <!-- nothingtodo -->
</testsuite> <!-- ChromeTest -->
