<?xml version="1.0" encoding="UTF-8"?>
<!-- Generated by org.testng.reporters.JUnitXMLReporter -->
<testsuite hostname="EPINHYDW1414" ignored="1" name="ChromeTest" tests="3" failures="0" timestamp="18 Nov 2019 09:49:09 GMT" time="63.247" errors="0">
  <testcase name="getProfileTest" time="19.76" classname="tests.SmartWatch"/>
  <testcase name="selectMobile" time="9.065" classname="tests.SmartWatch"/>
  <testcase name="cart" time="8.88" classname="tests.SmartWatch"/>
  <testcase name="nothingtodo" time="0.0" classname="basetest.ExtentReportsBaseTest">
    <ignored/>
  </testcase> <!-- nothingtodo -->
</testsuite> <!-- ChromeTest -->
