<?xml version="1.0" encoding="UTF-8"?>
<!-- Generated by org.testng.reporters.JUnitXMLReporter -->
<testsuite hostname="EPINHYDW1414" ignored="1" name="FireFoxTest" tests="3" failures="0" timestamp="18 Nov 2019 13:06:59 GMT" time="73.526" errors="0">
  <testcase name="getProfileTest" time="19.042" classname="tests.Headless"/>
  <testcase name="selectMobile" time="9.289" classname="tests.Headless"/>
  <testcase name="cart" time="8.336" classname="tests.Headless"/>
  <testcase name="nothingtodo" time="0.0" classname="basetest.ExtentReportsBaseTest">
    <ignored/>
  </testcase> <!-- nothingtodo -->
</testsuite> <!-- FireFoxTest -->
