<?xml version="1.0" encoding="UTF-8"?>
<!-- Generated by org.testng.reporters.JUnitXMLReporter -->
<testsuite hostname="EPINHYDW1414" ignored="1" name="FirefoxTest" tests="3" failures="0" timestamp="18 Nov 2019 06:31:55 GMT" time="40.501" errors="0">
  <testcase name="getProfileTest" time="10.438" classname="tests.SmartWatch"/>
  <testcase name="selectMobile" time="9.872" classname="tests.SmartWatch"/>
  <testcase name="cart" time="7.531" classname="tests.SmartWatch"/>
  <testcase name="nothingtodo" time="0.0" classname="basetest.ExtentReportsBaseTest">
    <ignored/>
  </testcase> <!-- nothingtodo -->
</testsuite> <!-- FirefoxTest -->
