<?xml version="1.0" encoding="UTF-8"?>
<!-- Generated by org.testng.reporters.JUnitXMLReporter -->
<testsuite hostname="EPINHYDW1414" ignored="1" name="OperaTest" tests="3" failures="0" timestamp="14 Nov 2019 15:12:33 GMT" time="80.577" errors="0">
  <testcase name="getProfileTest" time="21.758" classname="tests.SmartWatch"/>
  <testcase name="selectMobile" time="17.225" classname="tests.SmartWatch"/>
  <testcase name="cart" time="9.779" classname="tests.SmartWatch"/>
  <testcase name="nothingtodo" time="0.0" classname="basetest.ExtentReportsBaseTest">
    <ignored/>
  </testcase> <!-- nothingtodo -->
</testsuite> <!-- OperaTest -->
