<?xml version="1.0" encoding="UTF-8"?>
<!-- Generated by org.testng.reporters.JUnitXMLReporter -->
<testsuite hostname="EPINHYDW1414" ignored="1" name="HtmlUnitTest" tests="3" failures="0" timestamp="18 Nov 2019 11:38:21 GMT" time="9.591" errors="0">
  <testcase name="@BeforeTest setUpF" time="9.566" classname="basetest.HeadLessBase">
    <failure type="java.lang.NoClassDefFoundError" message="org/openqa/selenium/htmlunit/HtmlUnitDriver">
      <![CDATA[java.lang.NoClassDefFoundError: org/openqa/selenium/htmlunit/HtmlUnitDriver
at basetest.HeadLessBase.setUpF(HeadLessBase.java:63)
at java.util.concurrent.FutureTask.run(Unknown Source)
at java.util.concurrent.ThreadPoolExecutor.runWorker(Unknown Source)
at java.util.concurrent.ThreadPoolExecutor$Worker.run(Unknown Source)
at java.lang.Thread.run(Unknown Source)
Caused by: java.lang.ClassNotFoundException: org.openqa.selenium.htmlunit.HtmlUnitDriver
at java.net.URLClassLoader.findClass(Unknown Source)
at java.lang.ClassLoader.loadClass(Unknown Source)
at sun.misc.Launcher$AppClassLoader.loadClass(Unknown Source)
at java.lang.ClassLoader.loadClass(Unknown Source)
... 20 more
... Removed 15 stack frames]]>
    </failure>
  </testcase> <!-- @BeforeTest setUpF -->
  <testcase name="@BeforeTest homepagesetup" time="0.0" classname="tests.Headless">
    <skipped/>
  </testcase> <!-- @BeforeTest homepagesetup -->
  <testcase name="@BeforeClass initLogger" time="0.0" classname="tests.Headless">
    <skipped/>
  </testcase> <!-- @BeforeClass initLogger -->
  <testcase name="@AfterMethod fail" time="0.0" classname="tests.Headless">
    <skipped/>
  </testcase> <!-- @AfterMethod fail -->
  <testcase name="getProfileTest" time="0.0" classname="tests.Headless">
    <skipped/>
  </testcase> <!-- getProfileTest -->
  <testcase name="selectMobile" time="0.0" classname="tests.Headless">
    <skipped/>
  </testcase> <!-- selectMobile -->
  <testcase name="cart" time="0.0" classname="tests.Headless">
    <skipped/>
  </testcase> <!-- cart -->
  <testcase name="nothingtodo" time="0.0" classname="basetest.ExtentReportsBaseTest">
    <ignored/>
  </testcase> <!-- nothingtodo -->
</testsuite> <!-- HtmlUnitTest -->
