<?xml version="1.0" encoding="UTF-8"?>
<testng-results skipped="9" failed="0" ignored="3" total="12" passed="0">
  <reporter-output>
  </reporter-output>
  <suite name="Suite" duration-ms="43850" started-at="2019-11-18T11:38:11Z" finished-at="2019-11-18T11:38:55Z">
    <groups>
    </groups>
    <test name="HtmlUnitTest" duration-ms="9591" started-at="2019-11-18T11:38:11Z" finished-at="2019-11-18T11:38:21Z">
      <class name="tests.Headless">
        <test-method status="FAIL" signature="setUpF(java.lang.String)[pri:0, instance:tests.Headless@307f6b8c]" name="setUpF" is-config="true" duration-ms="9566" started-at="2019-11-18T11:38:11Z" finished-at="2019-11-18T11:38:21Z">
          <params>
            <param index="0">
              <value>
                <![CDATA[HtmlUnit]]>
              </value>
            </param>
          </params>
          <exception class="java.lang.NoClassDefFoundError">
            <message>
              <![CDATA[org/openqa/selenium/htmlunit/HtmlUnitDriver]]>
            </message>
            <full-stacktrace>
              <![CDATA[java.lang.NoClassDefFoundError: org/openqa/selenium/htmlunit/HtmlUnitDriver
at basetest.HeadLessBase.setUpF(HeadLessBase.java:63)
at sun.reflect.NativeMethodAccessorImpl.invoke0(Native Method)
at sun.reflect.NativeMethodAccessorImpl.invoke(Unknown Source)
at sun.reflect.DelegatingMethodAccessorImpl.invoke(Unknown Source)
at java.lang.reflect.Method.invoke(Unknown Source)
at org.testng.internal.MethodInvocationHelper.invokeMethod(MethodInvocationHelper.java:124)
at org.testng.internal.MethodInvocationHelper.invokeMethodConsideringTimeout(MethodInvocationHelper.java:59)
at org.testng.internal.Invoker.invokeConfigurationMethod(Invoker.java:458)
at org.testng.internal.Invoker.invokeConfigurations(Invoker.java:222)
at org.testng.internal.Invoker.invokeConfigurations(Invoker.java:142)
at org.testng.TestRunner.beforeRun(TestRunner.java:529)
at org.testng.TestRunner.run(TestRunner.java:497)
at org.testng.SuiteRunner.runTest(SuiteRunner.java:455)
at org.testng.SuiteRunner.access$000(SuiteRunner.java:40)
at org.testng.SuiteRunner$SuiteWorker.run(SuiteRunner.java:489)
at org.testng.internal.thread.ThreadUtil$1.call(ThreadUtil.java:52)
at java.util.concurrent.FutureTask.run(Unknown Source)
at java.util.concurrent.ThreadPoolExecutor.runWorker(Unknown Source)
at java.util.concurrent.ThreadPoolExecutor$Worker.run(Unknown Source)
at java.lang.Thread.run(Unknown Source)
Caused by: java.lang.ClassNotFoundException: org.openqa.selenium.htmlunit.HtmlUnitDriver
at java.net.URLClassLoader.findClass(Unknown Source)
at java.lang.ClassLoader.loadClass(Unknown Source)
at sun.misc.Launcher$AppClassLoader.loadClass(Unknown Source)
at java.lang.ClassLoader.loadClass(Unknown Source)
... 20 more
]]>
            </full-stacktrace>
          </exception> <!-- java.lang.NoClassDefFoundError -->
          <reporter-output>
          </reporter-output>
        </test-method> <!-- setUpF -->
        <test-method status="SKIP" signature="homepagesetup()[pri:0, instance:tests.Headless@307f6b8c]" name="homepagesetup" is-config="true" duration-ms="0" started-at="2019-11-18T11:38:21Z" depends-on-methods="basetest.HeadLessBase.setUpF" finished-at="2019-11-18T11:38:21Z">
          <reporter-output>
          </reporter-output>
        </test-method> <!-- homepagesetup -->
        <test-method status="SKIP" signature="initLogger()[pri:0, instance:tests.Headless@307f6b8c]" name="initLogger" is-config="true" duration-ms="0" started-at="2019-11-18T11:38:21Z" finished-at="2019-11-18T11:38:21Z">
          <reporter-output>
          </reporter-output>
        </test-method> <!-- initLogger -->
        <test-method status="SKIP" signature="getProfileTest()[pri:0, instance:tests.Headless@307f6b8c]" name="getProfileTest" duration-ms="0" started-at="2019-11-18T11:38:21Z" finished-at="2019-11-18T11:38:21Z">
          <exception class="java.lang.NoClassDefFoundError">
            <message>
              <![CDATA[org/openqa/selenium/htmlunit/HtmlUnitDriver]]>
            </message>
            <full-stacktrace>
              <![CDATA[java.lang.NoClassDefFoundError: org/openqa/selenium/htmlunit/HtmlUnitDriver
at basetest.HeadLessBase.setUpF(HeadLessBase.java:63)
at sun.reflect.NativeMethodAccessorImpl.invoke0(Native Method)
at sun.reflect.NativeMethodAccessorImpl.invoke(Unknown Source)
at sun.reflect.DelegatingMethodAccessorImpl.invoke(Unknown Source)
at java.lang.reflect.Method.invoke(Unknown Source)
at org.testng.internal.MethodInvocationHelper.invokeMethod(MethodInvocationHelper.java:124)
at org.testng.internal.MethodInvocationHelper.invokeMethodConsideringTimeout(MethodInvocationHelper.java:59)
at org.testng.internal.Invoker.invokeConfigurationMethod(Invoker.java:458)
at org.testng.internal.Invoker.invokeConfigurations(Invoker.java:222)
at org.testng.internal.Invoker.invokeConfigurations(Invoker.java:142)
at org.testng.TestRunner.beforeRun(TestRunner.java:529)
at org.testng.TestRunner.run(TestRunner.java:497)
at org.testng.SuiteRunner.runTest(SuiteRunner.java:455)
at org.testng.SuiteRunner.access$000(SuiteRunner.java:40)
at org.testng.SuiteRunner$SuiteWorker.run(SuiteRunner.java:489)
at org.testng.internal.thread.ThreadUtil$1.call(ThreadUtil.java:52)
at java.util.concurrent.FutureTask.run(Unknown Source)
at java.util.concurrent.ThreadPoolExecutor.runWorker(Unknown Source)
at java.util.concurrent.ThreadPoolExecutor$Worker.run(Unknown Source)
at java.lang.Thread.run(Unknown Source)
Caused by: java.lang.ClassNotFoundException: org.openqa.selenium.htmlunit.HtmlUnitDriver
at java.net.URLClassLoader.findClass(Unknown Source)
at java.lang.ClassLoader.loadClass(Unknown Source)
at sun.misc.Launcher$AppClassLoader.loadClass(Unknown Source)
at java.lang.ClassLoader.loadClass(Unknown Source)
... 20 more
]]>
            </full-stacktrace>
          </exception> <!-- java.lang.NoClassDefFoundError -->
          <reporter-output>
          </reporter-output>
        </test-method> <!-- getProfileTest -->
        <test-method status="SKIP" signature="fail(org.testng.ITestResult)[pri:0, instance:tests.Headless@307f6b8c]" name="fail" is-config="true" duration-ms="0" started-at="2019-11-18T11:38:21Z" finished-at="2019-11-18T11:38:21Z">
          <reporter-output>
          </reporter-output>
        </test-method> <!-- fail -->
        <test-method status="SKIP" signature="selectMobile()[pri:0, instance:tests.Headless@307f6b8c]" name="selectMobile" duration-ms="0" started-at="2019-11-18T11:38:21Z" depends-on-methods="tests.Headless.getProfileTest" finished-at="2019-11-18T11:38:21Z">
          <exception class="java.lang.Throwable">
            <message>
              <![CDATA[Method Headless.selectMobile()[pri:0, instance:tests.Headless@307f6b8c] depends on not successfully finished methods]]>
            </message>
            <full-stacktrace>
              <![CDATA[java.lang.Throwable: Method Headless.selectMobile()[pri:0, instance:tests.Headless@307f6b8c] depends on not successfully finished methods
at org.testng.internal.Invoker.invokeTestMethods(Invoker.java:888)
at org.testng.internal.TestMethodWorker.invokeTestMethods(TestMethodWorker.java:125)
at org.testng.internal.TestMethodWorker.run(TestMethodWorker.java:109)
at org.testng.TestRunner.privateRun(TestRunner.java:648)
at org.testng.TestRunner.run(TestRunner.java:505)
at org.testng.SuiteRunner.runTest(SuiteRunner.java:455)
at org.testng.SuiteRunner.access$000(SuiteRunner.java:40)
at org.testng.SuiteRunner$SuiteWorker.run(SuiteRunner.java:489)
at org.testng.internal.thread.ThreadUtil$1.call(ThreadUtil.java:52)
at java.util.concurrent.FutureTask.run(Unknown Source)
at java.util.concurrent.ThreadPoolExecutor.runWorker(Unknown Source)
at java.util.concurrent.ThreadPoolExecutor$Worker.run(Unknown Source)
at java.lang.Thread.run(Unknown Source)
]]>
            </full-stacktrace>
          </exception> <!-- java.lang.Throwable -->
          <reporter-output>
          </reporter-output>
        </test-method> <!-- selectMobile -->
        <test-method status="SKIP" signature="cart()[pri:0, instance:tests.Headless@307f6b8c]" name="cart" duration-ms="0" started-at="2019-11-18T11:38:21Z" depends-on-methods="tests.Headless.selectMobile" finished-at="2019-11-18T11:38:21Z">
          <exception class="java.lang.Throwable">
            <message>
              <![CDATA[Method Headless.cart()[pri:0, instance:tests.Headless@307f6b8c] depends on not successfully finished methods]]>
            </message>
            <full-stacktrace>
              <![CDATA[java.lang.Throwable: Method Headless.cart()[pri:0, instance:tests.Headless@307f6b8c] depends on not successfully finished methods
at org.testng.internal.Invoker.invokeTestMethods(Invoker.java:888)
at org.testng.internal.TestMethodWorker.invokeTestMethods(TestMethodWorker.java:125)
at org.testng.internal.TestMethodWorker.run(TestMethodWorker.java:109)
at org.testng.TestRunner.privateRun(TestRunner.java:648)
at org.testng.TestRunner.run(TestRunner.java:505)
at org.testng.SuiteRunner.runTest(SuiteRunner.java:455)
at org.testng.SuiteRunner.access$000(SuiteRunner.java:40)
at org.testng.SuiteRunner$SuiteWorker.run(SuiteRunner.java:489)
at org.testng.internal.thread.ThreadUtil$1.call(ThreadUtil.java:52)
at java.util.concurrent.FutureTask.run(Unknown Source)
at java.util.concurrent.ThreadPoolExecutor.runWorker(Unknown Source)
at java.util.concurrent.ThreadPoolExecutor$Worker.run(Unknown Source)
at java.lang.Thread.run(Unknown Source)
]]>
            </full-stacktrace>
          </exception> <!-- java.lang.Throwable -->
          <reporter-output>
          </reporter-output>
        </test-method> <!-- cart -->
        <test-method status="SKIP" signature="release()[pri:0, instance:tests.Headless@307f6b8c]" name="release" is-config="true" duration-ms="0" started-at="2019-11-18T11:38:55Z" depends-on-methods="basetest.HeadLessBase.tearDown" finished-at="2019-11-18T11:38:55Z">
          <reporter-output>
          </reporter-output>
        </test-method> <!-- release -->
        <test-method status="PASS" signature="tearDown()[pri:0, instance:tests.Headless@307f6b8c]" name="tearDown" is-config="true" duration-ms="0" started-at="2019-11-18T11:38:55Z" finished-at="2019-11-18T11:38:55Z">
          <reporter-output>
          </reporter-output>
        </test-method> <!-- tearDown -->
      </class> <!-- tests.Headless -->
    </test> <!-- HtmlUnitTest -->
    <test name="ChromeTest" duration-ms="32463" started-at="2019-11-18T11:38:11Z" finished-at="2019-11-18T11:38:44Z">
      <class name="tests.Headless">
        <test-method status="PASS" signature="setUpF(java.lang.String)[pri:0, instance:tests.Headless@480bdb19]" name="setUpF" is-config="true" duration-ms="32446" started-at="2019-11-18T11:38:11Z" finished-at="2019-11-18T11:38:44Z">
          <params>
            <param index="0">
              <value>
                <![CDATA[Chrome]]>
              </value>
            </param>
          </params>
          <reporter-output>
          </reporter-output>
        </test-method> <!-- setUpF -->
        <test-method status="FAIL" signature="homepagesetup()[pri:0, instance:tests.Headless@480bdb19]" name="homepagesetup" is-config="true" duration-ms="14" started-at="2019-11-18T11:38:44Z" depends-on-methods="basetest.HeadLessBase.setUpF" finished-at="2019-11-18T11:38:44Z">
          <exception class="java.lang.NoClassDefFoundError">
            <message>
              <![CDATA[org/openqa/selenium/WrapsElement]]>
            </message>
            <full-stacktrace>
              <![CDATA[java.lang.NoClassDefFoundError: org/openqa/selenium/WrapsElement
at org.openqa.selenium.support.pagefactory.DefaultFieldDecorator.proxyForLocator(DefaultFieldDecorator.java:101)
at org.openqa.selenium.support.pagefactory.DefaultFieldDecorator.decorate(DefaultFieldDecorator.java:62)
at org.openqa.selenium.support.PageFactory.proxyFields(PageFactory.java:113)
at org.openqa.selenium.support.PageFactory.initElements(PageFactory.java:105)
at org.openqa.selenium.support.PageFactory.initElements(PageFactory.java:92)
at org.openqa.selenium.support.PageFactory.initElements(PageFactory.java:79)
at org.openqa.selenium.support.PageFactory.initElements(PageFactory.java:65)
at tests.Headless.homepagesetup(Headless.java:36)
at sun.reflect.NativeMethodAccessorImpl.invoke0(Native Method)
at sun.reflect.NativeMethodAccessorImpl.invoke(Unknown Source)
at sun.reflect.DelegatingMethodAccessorImpl.invoke(Unknown Source)
at java.lang.reflect.Method.invoke(Unknown Source)
at org.testng.internal.MethodInvocationHelper.invokeMethod(MethodInvocationHelper.java:124)
at org.testng.internal.MethodInvocationHelper.invokeMethodConsideringTimeout(MethodInvocationHelper.java:59)
at org.testng.internal.Invoker.invokeConfigurationMethod(Invoker.java:458)
at org.testng.internal.Invoker.invokeConfigurations(Invoker.java:222)
at org.testng.internal.Invoker.invokeConfigurations(Invoker.java:142)
at org.testng.TestRunner.beforeRun(TestRunner.java:529)
at org.testng.TestRunner.run(TestRunner.java:497)
at org.testng.SuiteRunner.runTest(SuiteRunner.java:455)
at org.testng.SuiteRunner.access$000(SuiteRunner.java:40)
at org.testng.SuiteRunner$SuiteWorker.run(SuiteRunner.java:489)
at org.testng.internal.thread.ThreadUtil$1.call(ThreadUtil.java:52)
at java.util.concurrent.FutureTask.run(Unknown Source)
at java.util.concurrent.ThreadPoolExecutor.runWorker(Unknown Source)
at java.util.concurrent.ThreadPoolExecutor$Worker.run(Unknown Source)
at java.lang.Thread.run(Unknown Source)
Caused by: java.lang.ClassNotFoundException: org.openqa.selenium.WrapsElement
at java.net.URLClassLoader.findClass(Unknown Source)
at java.lang.ClassLoader.loadClass(Unknown Source)
at sun.misc.Launcher$AppClassLoader.loadClass(Unknown Source)
at java.lang.ClassLoader.loadClass(Unknown Source)
... 27 more
]]>
            </full-stacktrace>
          </exception> <!-- java.lang.NoClassDefFoundError -->
          <reporter-output>
          </reporter-output>
        </test-method> <!-- homepagesetup -->
        <test-method status="SKIP" signature="selectMobile()[pri:0, instance:tests.Headless@480bdb19]" name="selectMobile" duration-ms="0" started-at="2019-11-18T11:38:44Z" depends-on-methods="tests.Headless.getProfileTest" finished-at="2019-11-18T11:38:44Z">
          <exception class="java.lang.Throwable">
            <message>
              <![CDATA[Method Headless.selectMobile()[pri:0, instance:tests.Headless@480bdb19] depends on not successfully finished methods]]>
            </message>
            <full-stacktrace>
              <![CDATA[java.lang.Throwable: Method Headless.selectMobile()[pri:0, instance:tests.Headless@480bdb19] depends on not successfully finished methods
at org.testng.internal.Invoker.invokeTestMethods(Invoker.java:888)
at org.testng.internal.TestMethodWorker.invokeTestMethods(TestMethodWorker.java:125)
at org.testng.internal.TestMethodWorker.run(TestMethodWorker.java:109)
at org.testng.TestRunner.privateRun(TestRunner.java:648)
at org.testng.TestRunner.run(TestRunner.java:505)
at org.testng.SuiteRunner.runTest(SuiteRunner.java:455)
at org.testng.SuiteRunner.access$000(SuiteRunner.java:40)
at org.testng.SuiteRunner$SuiteWorker.run(SuiteRunner.java:489)
at org.testng.internal.thread.ThreadUtil$1.call(ThreadUtil.java:52)
at java.util.concurrent.FutureTask.run(Unknown Source)
at java.util.concurrent.ThreadPoolExecutor.runWorker(Unknown Source)
at java.util.concurrent.ThreadPoolExecutor$Worker.run(Unknown Source)
at java.lang.Thread.run(Unknown Source)
]]>
            </full-stacktrace>
          </exception> <!-- java.lang.Throwable -->
          <reporter-output>
          </reporter-output>
        </test-method> <!-- selectMobile -->
        <test-method status="SKIP" signature="getProfileTest()[pri:0, instance:tests.Headless@480bdb19]" name="getProfileTest" duration-ms="0" started-at="2019-11-18T11:38:44Z" finished-at="2019-11-18T11:38:44Z">
          <exception class="java.lang.NoClassDefFoundError">
            <message>
              <![CDATA[org/openqa/selenium/WrapsElement]]>
            </message>
            <full-stacktrace>
              <![CDATA[java.lang.NoClassDefFoundError: org/openqa/selenium/WrapsElement
at org.openqa.selenium.support.pagefactory.DefaultFieldDecorator.proxyForLocator(DefaultFieldDecorator.java:101)
at org.openqa.selenium.support.pagefactory.DefaultFieldDecorator.decorate(DefaultFieldDecorator.java:62)
at org.openqa.selenium.support.PageFactory.proxyFields(PageFactory.java:113)
at org.openqa.selenium.support.PageFactory.initElements(PageFactory.java:105)
at org.openqa.selenium.support.PageFactory.initElements(PageFactory.java:92)
at org.openqa.selenium.support.PageFactory.initElements(PageFactory.java:79)
at org.openqa.selenium.support.PageFactory.initElements(PageFactory.java:65)
at tests.Headless.homepagesetup(Headless.java:36)
at sun.reflect.NativeMethodAccessorImpl.invoke0(Native Method)
at sun.reflect.NativeMethodAccessorImpl.invoke(Unknown Source)
at sun.reflect.DelegatingMethodAccessorImpl.invoke(Unknown Source)
at java.lang.reflect.Method.invoke(Unknown Source)
at org.testng.internal.MethodInvocationHelper.invokeMethod(MethodInvocationHelper.java:124)
at org.testng.internal.MethodInvocationHelper.invokeMethodConsideringTimeout(MethodInvocationHelper.java:59)
at org.testng.internal.Invoker.invokeConfigurationMethod(Invoker.java:458)
at org.testng.internal.Invoker.invokeConfigurations(Invoker.java:222)
at org.testng.internal.Invoker.invokeConfigurations(Invoker.java:142)
at org.testng.TestRunner.beforeRun(TestRunner.java:529)
at org.testng.TestRunner.run(TestRunner.java:497)
at org.testng.SuiteRunner.runTest(SuiteRunner.java:455)
at org.testng.SuiteRunner.access$000(SuiteRunner.java:40)
at org.testng.SuiteRunner$SuiteWorker.run(SuiteRunner.java:489)
at org.testng.internal.thread.ThreadUtil$1.call(ThreadUtil.java:52)
at java.util.concurrent.FutureTask.run(Unknown Source)
at java.util.concurrent.ThreadPoolExecutor.runWorker(Unknown Source)
at java.util.concurrent.ThreadPoolExecutor$Worker.run(Unknown Source)
at java.lang.Thread.run(Unknown Source)
Caused by: java.lang.ClassNotFoundException: org.openqa.selenium.WrapsElement
at java.net.URLClassLoader.findClass(Unknown Source)
at java.lang.ClassLoader.loadClass(Unknown Source)
at sun.misc.Launcher$AppClassLoader.loadClass(Unknown Source)
at java.lang.ClassLoader.loadClass(Unknown Source)
... 27 more
]]>
            </full-stacktrace>
          </exception> <!-- java.lang.NoClassDefFoundError -->
          <reporter-output>
          </reporter-output>
        </test-method> <!-- getProfileTest -->
        <test-method status="SKIP" signature="initLogger()[pri:0, instance:tests.Headless@480bdb19]" name="initLogger" is-config="true" duration-ms="0" started-at="2019-11-18T11:38:44Z" finished-at="2019-11-18T11:38:44Z">
          <reporter-output>
          </reporter-output>
        </test-method> <!-- initLogger -->
        <test-method status="SKIP" signature="fail(org.testng.ITestResult)[pri:0, instance:tests.Headless@480bdb19]" name="fail" is-config="true" duration-ms="0" started-at="2019-11-18T11:38:44Z" finished-at="2019-11-18T11:38:44Z">
          <reporter-output>
          </reporter-output>
        </test-method> <!-- fail -->
        <test-method status="SKIP" signature="cart()[pri:0, instance:tests.Headless@480bdb19]" name="cart" duration-ms="0" started-at="2019-11-18T11:38:44Z" depends-on-methods="tests.Headless.selectMobile" finished-at="2019-11-18T11:38:44Z">
          <exception class="java.lang.Throwable">
            <message>
              <![CDATA[Method Headless.cart()[pri:0, instance:tests.Headless@480bdb19] depends on not successfully finished methods]]>
            </message>
            <full-stacktrace>
              <![CDATA[java.lang.Throwable: Method Headless.cart()[pri:0, instance:tests.Headless@480bdb19] depends on not successfully finished methods
at org.testng.internal.Invoker.invokeTestMethods(Invoker.java:888)
at org.testng.internal.TestMethodWorker.invokeTestMethods(TestMethodWorker.java:125)
at org.testng.internal.TestMethodWorker.run(TestMethodWorker.java:109)
at org.testng.TestRunner.privateRun(TestRunner.java:648)
at org.testng.TestRunner.run(TestRunner.java:505)
at org.testng.SuiteRunner.runTest(SuiteRunner.java:455)
at org.testng.SuiteRunner.access$000(SuiteRunner.java:40)
at org.testng.SuiteRunner$SuiteWorker.run(SuiteRunner.java:489)
at org.testng.internal.thread.ThreadUtil$1.call(ThreadUtil.java:52)
at java.util.concurrent.FutureTask.run(Unknown Source)
at java.util.concurrent.ThreadPoolExecutor.runWorker(Unknown Source)
at java.util.concurrent.ThreadPoolExecutor$Worker.run(Unknown Source)
at java.lang.Thread.run(Unknown Source)
]]>
            </full-stacktrace>
          </exception> <!-- java.lang.Throwable -->
          <reporter-output>
          </reporter-output>
        </test-method> <!-- cart -->
      </class> <!-- tests.Headless -->
    </test> <!-- ChromeTest -->
    <test name="FireFoxTest" duration-ms="43850" started-at="2019-11-18T11:38:11Z" finished-at="2019-11-18T11:38:55Z">
      <class name="tests.Headless">
        <test-method status="PASS" signature="setUpF(java.lang.String)[pri:0, instance:tests.Headless@27a8c74e]" name="setUpF" is-config="true" duration-ms="43848" started-at="2019-11-18T11:38:11Z" finished-at="2019-11-18T11:38:55Z">
          <params>
            <param index="0">
              <value>
                <![CDATA[Firefox]]>
              </value>
            </param>
          </params>
          <reporter-output>
          </reporter-output>
        </test-method> <!-- setUpF -->
        <test-method status="FAIL" signature="homepagesetup()[pri:0, instance:tests.Headless@27a8c74e]" name="homepagesetup" is-config="true" duration-ms="1" started-at="2019-11-18T11:38:55Z" depends-on-methods="basetest.HeadLessBase.setUpF" finished-at="2019-11-18T11:38:55Z">
          <exception class="java.lang.NoClassDefFoundError">
            <message>
              <![CDATA[org/openqa/selenium/WrapsElement]]>
            </message>
            <full-stacktrace>
              <![CDATA[java.lang.NoClassDefFoundError: org/openqa/selenium/WrapsElement
at org.openqa.selenium.support.pagefactory.DefaultFieldDecorator.proxyForLocator(DefaultFieldDecorator.java:101)
at org.openqa.selenium.support.pagefactory.DefaultFieldDecorator.decorate(DefaultFieldDecorator.java:62)
at org.openqa.selenium.support.PageFactory.proxyFields(PageFactory.java:113)
at org.openqa.selenium.support.PageFactory.initElements(PageFactory.java:105)
at org.openqa.selenium.support.PageFactory.initElements(PageFactory.java:92)
at org.openqa.selenium.support.PageFactory.initElements(PageFactory.java:79)
at org.openqa.selenium.support.PageFactory.initElements(PageFactory.java:65)
at tests.Headless.homepagesetup(Headless.java:36)
at sun.reflect.NativeMethodAccessorImpl.invoke0(Native Method)
at sun.reflect.NativeMethodAccessorImpl.invoke(Unknown Source)
at sun.reflect.DelegatingMethodAccessorImpl.invoke(Unknown Source)
at java.lang.reflect.Method.invoke(Unknown Source)
at org.testng.internal.MethodInvocationHelper.invokeMethod(MethodInvocationHelper.java:124)
at org.testng.internal.MethodInvocationHelper.invokeMethodConsideringTimeout(MethodInvocationHelper.java:59)
at org.testng.internal.Invoker.invokeConfigurationMethod(Invoker.java:458)
at org.testng.internal.Invoker.invokeConfigurations(Invoker.java:222)
at org.testng.internal.Invoker.invokeConfigurations(Invoker.java:142)
at org.testng.TestRunner.beforeRun(TestRunner.java:529)
at org.testng.TestRunner.run(TestRunner.java:497)
at org.testng.SuiteRunner.runTest(SuiteRunner.java:455)
at org.testng.SuiteRunner.access$000(SuiteRunner.java:40)
at org.testng.SuiteRunner$SuiteWorker.run(SuiteRunner.java:489)
at org.testng.internal.thread.ThreadUtil$1.call(ThreadUtil.java:52)
at java.util.concurrent.FutureTask.run(Unknown Source)
at java.util.concurrent.ThreadPoolExecutor.runWorker(Unknown Source)
at java.util.concurrent.ThreadPoolExecutor$Worker.run(Unknown Source)
at java.lang.Thread.run(Unknown Source)
]]>
            </full-stacktrace>
          </exception> <!-- java.lang.NoClassDefFoundError -->
          <reporter-output>
          </reporter-output>
        </test-method> <!-- homepagesetup -->
        <test-method status="SKIP" signature="initLogger()[pri:0, instance:tests.Headless@27a8c74e]" name="initLogger" is-config="true" duration-ms="0" started-at="2019-11-18T11:38:55Z" finished-at="2019-11-18T11:38:55Z">
          <reporter-output>
          </reporter-output>
        </test-method> <!-- initLogger -->
        <test-method status="SKIP" signature="fail(org.testng.ITestResult)[pri:0, instance:tests.Headless@27a8c74e]" name="fail" is-config="true" duration-ms="0" started-at="2019-11-18T11:38:55Z" finished-at="2019-11-18T11:38:55Z">
          <reporter-output>
          </reporter-output>
        </test-method> <!-- fail -->
        <test-method status="SKIP" signature="getProfileTest()[pri:0, instance:tests.Headless@27a8c74e]" name="getProfileTest" duration-ms="0" started-at="2019-11-18T11:38:55Z" finished-at="2019-11-18T11:38:55Z">
          <exception class="java.lang.NoClassDefFoundError">
            <message>
              <![CDATA[org/openqa/selenium/WrapsElement]]>
            </message>
            <full-stacktrace>
              <![CDATA[java.lang.NoClassDefFoundError: org/openqa/selenium/WrapsElement
at org.openqa.selenium.support.pagefactory.DefaultFieldDecorator.proxyForLocator(DefaultFieldDecorator.java:101)
at org.openqa.selenium.support.pagefactory.DefaultFieldDecorator.decorate(DefaultFieldDecorator.java:62)
at org.openqa.selenium.support.PageFactory.proxyFields(PageFactory.java:113)
at org.openqa.selenium.support.PageFactory.initElements(PageFactory.java:105)
at org.openqa.selenium.support.PageFactory.initElements(PageFactory.java:92)
at org.openqa.selenium.support.PageFactory.initElements(PageFactory.java:79)
at org.openqa.selenium.support.PageFactory.initElements(PageFactory.java:65)
at tests.Headless.homepagesetup(Headless.java:36)
at sun.reflect.NativeMethodAccessorImpl.invoke0(Native Method)
at sun.reflect.NativeMethodAccessorImpl.invoke(Unknown Source)
at sun.reflect.DelegatingMethodAccessorImpl.invoke(Unknown Source)
at java.lang.reflect.Method.invoke(Unknown Source)
at org.testng.internal.MethodInvocationHelper.invokeMethod(MethodInvocationHelper.java:124)
at org.testng.internal.MethodInvocationHelper.invokeMethodConsideringTimeout(MethodInvocationHelper.java:59)
at org.testng.internal.Invoker.invokeConfigurationMethod(Invoker.java:458)
at org.testng.internal.Invoker.invokeConfigurations(Invoker.java:222)
at org.testng.internal.Invoker.invokeConfigurations(Invoker.java:142)
at org.testng.TestRunner.beforeRun(TestRunner.java:529)
at org.testng.TestRunner.run(TestRunner.java:497)
at org.testng.SuiteRunner.runTest(SuiteRunner.java:455)
at org.testng.SuiteRunner.access$000(SuiteRunner.java:40)
at org.testng.SuiteRunner$SuiteWorker.run(SuiteRunner.java:489)
at org.testng.internal.thread.ThreadUtil$1.call(ThreadUtil.java:52)
at java.util.concurrent.FutureTask.run(Unknown Source)
at java.util.concurrent.ThreadPoolExecutor.runWorker(Unknown Source)
at java.util.concurrent.ThreadPoolExecutor$Worker.run(Unknown Source)
at java.lang.Thread.run(Unknown Source)
]]>
            </full-stacktrace>
          </exception> <!-- java.lang.NoClassDefFoundError -->
          <reporter-output>
          </reporter-output>
        </test-method> <!-- getProfileTest -->
        <test-method status="SKIP" signature="selectMobile()[pri:0, instance:tests.Headless@27a8c74e]" name="selectMobile" duration-ms="0" started-at="2019-11-18T11:38:55Z" depends-on-methods="tests.Headless.getProfileTest" finished-at="2019-11-18T11:38:55Z">
          <exception class="java.lang.Throwable">
            <message>
              <![CDATA[Method Headless.selectMobile()[pri:0, instance:tests.Headless@27a8c74e] depends on not successfully finished methods]]>
            </message>
            <full-stacktrace>
              <![CDATA[java.lang.Throwable: Method Headless.selectMobile()[pri:0, instance:tests.Headless@27a8c74e] depends on not successfully finished methods
at org.testng.internal.Invoker.invokeTestMethods(Invoker.java:888)
at org.testng.internal.TestMethodWorker.invokeTestMethods(TestMethodWorker.java:125)
at org.testng.internal.TestMethodWorker.run(TestMethodWorker.java:109)
at org.testng.TestRunner.privateRun(TestRunner.java:648)
at org.testng.TestRunner.run(TestRunner.java:505)
at org.testng.SuiteRunner.runTest(SuiteRunner.java:455)
at org.testng.SuiteRunner.access$000(SuiteRunner.java:40)
at org.testng.SuiteRunner$SuiteWorker.run(SuiteRunner.java:489)
at org.testng.internal.thread.ThreadUtil$1.call(ThreadUtil.java:52)
at java.util.concurrent.FutureTask.run(Unknown Source)
at java.util.concurrent.ThreadPoolExecutor.runWorker(Unknown Source)
at java.util.concurrent.ThreadPoolExecutor$Worker.run(Unknown Source)
at java.lang.Thread.run(Unknown Source)
]]>
            </full-stacktrace>
          </exception> <!-- java.lang.Throwable -->
          <reporter-output>
          </reporter-output>
        </test-method> <!-- selectMobile -->
        <test-method status="SKIP" signature="cart()[pri:0, instance:tests.Headless@27a8c74e]" name="cart" duration-ms="0" started-at="2019-11-18T11:38:55Z" depends-on-methods="tests.Headless.selectMobile" finished-at="2019-11-18T11:38:55Z">
          <exception class="java.lang.Throwable">
            <message>
              <![CDATA[Method Headless.cart()[pri:0, instance:tests.Headless@27a8c74e] depends on not successfully finished methods]]>
            </message>
            <full-stacktrace>
              <![CDATA[java.lang.Throwable: Method Headless.cart()[pri:0, instance:tests.Headless@27a8c74e] depends on not successfully finished methods
at org.testng.internal.Invoker.invokeTestMethods(Invoker.java:888)
at org.testng.internal.TestMethodWorker.invokeTestMethods(TestMethodWorker.java:125)
at org.testng.internal.TestMethodWorker.run(TestMethodWorker.java:109)
at org.testng.TestRunner.privateRun(TestRunner.java:648)
at org.testng.TestRunner.run(TestRunner.java:505)
at org.testng.SuiteRunner.runTest(SuiteRunner.java:455)
at org.testng.SuiteRunner.access$000(SuiteRunner.java:40)
at org.testng.SuiteRunner$SuiteWorker.run(SuiteRunner.java:489)
at org.testng.internal.thread.ThreadUtil$1.call(ThreadUtil.java:52)
at java.util.concurrent.FutureTask.run(Unknown Source)
at java.util.concurrent.ThreadPoolExecutor.runWorker(Unknown Source)
at java.util.concurrent.ThreadPoolExecutor$Worker.run(Unknown Source)
at java.lang.Thread.run(Unknown Source)
]]>
            </full-stacktrace>
          </exception> <!-- java.lang.Throwable -->
          <reporter-output>
          </reporter-output>
        </test-method> <!-- cart -->
      </class> <!-- tests.Headless -->
    </test> <!-- FireFoxTest -->
  </suite> <!-- Suite -->
</testng-results>
