<?xml version="1.0" encoding="UTF-8"?>
<testsuite xmlns:xsi="http://www.w3.org/2001/XMLSchema-instance" xsi:schemaLocation="https://maven.apache.org/surefire/maven-surefire-plugin/xsd/surefire-test-report.xsd" name="TestSuite" time="44.543" tests="20" errors="0" skipped="17" failures="3">
  <properties>
[...]
</properties>
  <testcase name="setUpF" classname="tests.Headless" time="10.1">
    <failure message="org/openqa/selenium/htmlunit/HtmlUnitDriver" type="java.lang.NoClassDefFoundError">java.lang.NoClassDefFoundError: org/openqa/selenium/htmlunit/HtmlUnitDriver
Caused by: java.lang.ClassNotFoundException: org.openqa.selenium.htmlunit.HtmlUnitDriver
</failure>
    <system-out><![CDATA[ 
 FireFox HeadLess Browser invoked
 
 FireFox HeadLess Browser invoked
 
 FireFox HeadLess Browser invoked
]]></system-out>
    <system-err><![CDATA[1574077092850	mozrunner::runner	INFO	Running command: "C:\\Program Files\\Mozilla Firefox\\firefox.exe" "-marionette" "-headless" "-foreground" "-no-remote" "-profile" "C:\\Users\\MONIKA~1\\AppData\\Local\\Temp\\rust_mozprofile.SZ25fXNVvaJA"
1574077092871	mo15z74077092871	morzunnrer::rununner::nrunneerr	INFO	Running com	manINFO	Rundnin:g co mmand"C:\\Pro:gram Files\\ M"oCz:i\ll\aP Firroegfroaxm\ Files\\\fireMfox.exe" "-marionette" "-headless" "-foreground" "-no-remote" "-profiloe" "zC:\i\Uslla Firefox\\firefox.exe" "-marionette" "-headless" "-eforeground" "-nors\\M-remote" "ONIKA~1\\App-profile" "C:\\Data\Users\\MONIKA~1\\AppData\\Local\\Temp\\rust_mozprofile.A98wj7N1vuGX"
\Local\\Temp\\rust_mozprofile.5iOeCLHIBLFu"
*** You are running in headless mode.
*** You are running in headless mode.
*** You are running in headless mode.
1574077093829	addons.webextension.screenshots@mozilla.org	WARN	Loading extension 'screenshots@mozilla.org': Reading manifest: Invalid extension permission: mozillaAddons
1574077093829	addons.webextension.screenshots@mozilla.org	WARN	Loading extension 'screenshots@mozilla.org': Reading manifest: Invalid extension permission: resource://pdf.js/
1574077093830	addons.webextension.screenshots@mozilla.org	WARN	Loading extension 'screenshots@mozilla.org': Reading manifest: Invalid extension permission: about:reader*
1574077093910	addons.webextension.screenshots@mozilla.org	WARN	Loading extension 'screenshots@mozilla.org': Reading manifest: Invalid extension permission: mozillaAddons
1574077093910	addons.webextension.screenshots@mozilla.org	WARN	Loading extension 'screenshots@mozilla.org': Reading manifest: Invalid extension permission: resource://pdf.js/
1574077093910	addons.webextension.screenshots@mozilla.org	WARN	Loading extension 'screenshots@mozilla.org': Reading manifest: Invalid extension permission: about:reader*
1574077093957	addons.webextension.screenshots@mozilla.org	WARN	Loading extension 'screenshots@mozilla.org': Reading manifest: Invalid extension permission: mozillaAddons
1574077093958	addons.webextension.screenshots@mozilla.org	WARN	Loading extension 'screenshots@mozilla.org': Reading manifest: Invalid extension permission: resource://pdf.js/
1574077093958	addons.webextension.screenshots@mozilla.org	WARN	Loading extension 'screenshots@mozilla.org': Reading manifest: Invalid extension permission: about:reader*
1574077099841	Marionette	INFO	Listening on port 52829
1574077100083	Marionette	INFO	Listening on port 52830
1574077100180	Marionette	WARN	TLS certificate errors will be ignored for this session
1574077100204	Marionette	WARN	TLS certificate errors will be ignored for this session
Nov 18, 2019 5:08:20 PM org.openqa.selenium.remote.ProtocolHandshake createSession
INFO: Detected dialect: W3C
Nov 18, 2019 5:08:20 PM org.openqa.selenium.remote.ProtocolHandshake createSession
INFO: Detected dialect: W3C
Starting ChromeDriver 78.0.3904.70 (edb9c9f3de0247fd912a77b7f6cae7447f6d3ad5-refs/branch-heads/3904@{#800}) on port 19251
Only local connections are allowed.
Please protect ports used by ChromeDriver and related test frameworks to prevent access by malicious code.
console.error: "Could not write session state file " (new Error("_initWorker called too early! Please read the session file from disk first.", "resource:///modules/sessionstore/SessionFile.jsm", 334)) "_initWorker/<@resource:///modules/sessionstore/SessionFile.jsm:334:15\n_initWorker@resource:///modules/sessionstore/SessionFile.jsm:327:12\n_postToWorker@resource:///modules/sessionstore/SessionFile.jsm:351:16\nwrite@resource:///modules/sessionstore/SessionFile.jsm:390:24\nwrite@resource:///modules/sessionstore/SessionFile.jsm:63:32\n_writeState@resource:///modules/sessionstore/SessionSaver.jsm:354:24\n_saveState@resource:///modules/sessionstore/SessionSaver.jsm:292:17\n_saveStateAsync@resource:///modules/sessionstore/SessionSaver.jsm:338:10\nsaveStateAsyncWhenIdle@resource:///modules/sessionstore/SessionSaver.jsm:189:14\ncallback@resource://gre/modules/Timer.jsm:100:7\n"
1574077101105	Marionette	INFO	Listening on port 52828
1574077101117	mozrunner::runner	INFO	Running command: "C:\\Program Files\\Mozilla Firefox\\firefox.exe" "-marionette" "-headless" "-foreground" "-no-remote" "-profile" "C:\\Users\\MONIKA~1\\AppData\\Local\\Temp\\rust_mozprofile.Zmhuv9m1TG1J"
1574077101214	Marionette	WARN	TLS certificate errors will be ignored for this session
Nov 18, 2019 5:08:21 PM org.openqa.selenium.remote.ProtocolHandshake createSession
INFO: Detected dialect: W3C
]]></system-err>
  </testcase>
  <testcase name="homepagesetup" classname="tests.Headless" time="0">
    <skipped/>
  </testcase>
  <testcase name="homepagesetup" classname="tests.Headless" time="32.986">
    <failure message="org/openqa/selenium/WrapsElement" type="java.lang.NoClassDefFoundError">java.lang.NoClassDefFoundError: org/openqa/selenium/WrapsElement
	at tests.Headless.homepagesetup(Headless.java:36)
Caused by: java.lang.ClassNotFoundException: org.openqa.selenium.WrapsElement
	at tests.Headless.homepagesetup(Headless.java:36)
</failure>
    <system-out><![CDATA[ 
 Chrome HeadLess Browser invoked
Title of page is: Amazon.com: Online Shopping for Electronics, Apparel, Computers, Books, DVDs & more
]]></system-out>
    <system-err><![CDATA[[1574077104.750][WARNING]: Timed out connecting to Chrome, retrying...
Nov 18, 2019 5:08:26 PM org.openqa.selenium.remote.ProtocolHandshake createSession
INFO: Detected dialect: W3C
*** You are running in headless mode.
1574077113469	addons.webextension.screenshots@mozilla.org	WARN	Loading extension 'screenshots@mozilla.org': Reading manifest: Invalid extension permission: mozillaAddons
1574077113470	addons.webextension.screenshots@mozilla.org	WARN	Loading extension 'screenshots@mozilla.org': Reading manifest: Invalid extension permission: resource://pdf.js/
1574077113470	addons.webextension.screenshots@mozilla.org	WARN	Loading extension 'screenshots@mozilla.org': Reading manifest: Invalid extension permission: about:reader*
1574077123480	Marionette	INFO	Listening on port 52887
1574077123663	Marionette	WARN	TLS certificate errors will be ignored for this session
]]></system-err>
  </testcase>
  <testcase name="homepagesetup" classname="tests.Headless" time="44.373">
    <failure message="org/openqa/selenium/WrapsElement" type="java.lang.NoClassDefFoundError">java.lang.NoClassDefFoundError: org/openqa/selenium/WrapsElement
	at tests.Headless.homepagesetup(Headless.java:36)
</failure>
    <system-out><![CDATA[ 
 FireFox HeadLess Browser invoked
Title of page is: Amazon.com: Online Shopping for Electronics, Apparel, Computers, Books, DVDs & more
]]></system-out>
    <system-err><![CDATA[Nov 18, 2019 5:08:52 PM org.openqa.selenium.remote.ProtocolHandshake createSession
INFO: Detected dialect: W3C
]]></system-err>
  </testcase>
  <testcase name="initLogger" classname="tests.Headless" time="0">
    <skipped/>
  </testcase>
  <testcase name="initLogger" classname="tests.Headless" time="0">
    <skipped/>
  </testcase>
  <testcase name="initLogger" classname="tests.Headless" time="0">
    <skipped/>
  </testcase>
  <testcase name="getProfileTest" classname="tests.Headless" time="0">
    <skipped message="org/openqa/selenium/htmlunit/HtmlUnitDriver"/>
  </testcase>
  <testcase name="getProfileTest" classname="tests.Headless" time="0">
    <skipped message="org/openqa/selenium/WrapsElement"/>
  </testcase>
  <testcase name="getProfileTest" classname="tests.Headless" time="0">
    <skipped message="org/openqa/selenium/WrapsElement"/>
  </testcase>
  <testcase name="fail" classname="tests.Headless" time="0">
    <skipped/>
  </testcase>
  <testcase name="fail" classname="tests.Headless" time="0">
    <skipped/>
  </testcase>
  <testcase name="fail" classname="tests.Headless" time="0">
    <skipped/>
  </testcase>
  <testcase name="selectMobile" classname="tests.Headless" time="0">
    <skipped message="Method Headless.selectMobile()[pri:0, instance:tests.Headless@307f6b8c] depends on not successfully finished methods"/>
  </testcase>
  <testcase name="selectMobile" classname="tests.Headless" time="0">
    <skipped message="Method Headless.selectMobile()[pri:0, instance:tests.Headless@480bdb19] depends on not successfully finished methods"/>
  </testcase>
  <testcase name="selectMobile" classname="tests.Headless" time="0">
    <skipped message="Method Headless.selectMobile()[pri:0, instance:tests.Headless@27a8c74e] depends on not successfully finished methods"/>
  </testcase>
  <testcase name="cart" classname="tests.Headless" time="0">
    <skipped message="Method Headless.cart()[pri:0, instance:tests.Headless@307f6b8c] depends on not successfully finished methods"/>
  </testcase>
  <testcase name="cart" classname="tests.Headless" time="0">
    <skipped message="Method Headless.cart()[pri:0, instance:tests.Headless@480bdb19] depends on not successfully finished methods"/>
  </testcase>
  <testcase name="cart" classname="tests.Headless" time="0">
    <skipped message="Method Headless.cart()[pri:0, instance:tests.Headless@27a8c74e] depends on not successfully finished methods"/>
  </testcase>
  <testcase name="release" classname="tests.Headless" time="0">
    <skipped/>
  </testcase>
</testsuite>