<?xml version="1.0" encoding="UTF-8"?>
<testng-results skipped="0" failed="0" ignored="3" total="3" passed="0">
  <reporter-output>
  </reporter-output>
  <suite name="Surefire suite" duration-ms="15492" started-at="2019-11-18T13:07:56Z" finished-at="2019-11-18T13:08:12Z">
    <groups>
    </groups>
    <test name="Surefire test" duration-ms="15492" started-at="2019-11-18T13:07:56Z" finished-at="2019-11-18T13:08:12Z">
      <class name="basetest.TestBase">
        <test-method status="PASS" signature="setUp(java.lang.String)[pri:0, instance:basetest.TestBase@53f65459]" name="setUp" is-config="true" duration-ms="15488" started-at="2019-11-18T13:07:56Z" finished-at="2019-11-18T13:08:12Z">
          <params>
            <param index="0">
              <value is-null="true"/>
            </param>
          </params>
          <reporter-output>
          </reporter-output>
        </test-method> <!-- setUp -->
        <test-method status="PASS" signature="tearDown()[pri:0, instance:basetest.TestBase@53f65459]" name="tearDown" is-config="true" duration-ms="0" started-at="2019-11-18T13:08:12Z" finished-at="2019-11-18T13:08:12Z">
          <reporter-output>
          </reporter-output>
        </test-method> <!-- tearDown -->
        <test-method status="PASS" signature="release()[pri:0, instance:basetest.ExtentReportsBaseTest@74650e52]" name="release" is-config="true" duration-ms="172" started-at="2019-11-18T13:08:12Z" depends-on-methods="basetest.TestBase.tearDown" finished-at="2019-11-18T13:08:12Z">
          <reporter-output>
          </reporter-output>
        </test-method> <!-- release -->
      </class> <!-- basetest.TestBase -->
    </test> <!-- Surefire test -->
  </suite> <!-- Surefire suite -->
</testng-results>
