<?xml version="1.0" encoding="UTF-8"?>
<testsuite xmlns:xsi="http://www.w3.org/2001/XMLSchema-instance" xsi:schemaLocation="https://maven.apache.org/surefire/maven-surefire-plugin/xsd/surefire-test-report.xsd" name="TestSuite" time="52.382" tests="19" errors="0" skipped="16" failures="3">
  <properties>
[...]
</properties>
  <testcase name="homepagesetup" classname="tests.SmartWatch" time="38.075">
    <failure message="org/openqa/selenium/WrapsElement" type="java.lang.NoClassDefFoundError">java.lang.NoClassDefFoundError: org/openqa/selenium/WrapsElement
	at tests.SmartWatch.homepagesetup(SmartWatch.java:31)
Caused by: java.lang.ClassNotFoundException: org.openqa.selenium.WrapsElement
	at tests.SmartWatch.homepagesetup(SmartWatch.java:31)
</failure>
    <system-err><![CDATA[SLF4J: Failed to load class "org.slf4j.impl.StaticLoggerBinder".
SLF4J: Defaulting to no-operation (NOP) logger implementation
SLF4J: See http://www.slf4j.org/codes.html#StaticLoggerBinder for further details.
Starting OperaDriver 77.0.3865.120 (416d6d8013e9adb6dd33b0c12e7614ff403d1a94-refs/branch-heads/3865@{#884}) on port 4946
Only local connections are allowed.
Please protect ports used by ChromeDriver and related test frameworks to prevent access by malicious code.
Starting ChromeDriver 78.0.3904.70 (edb9c9f3de0247fd912a77b7f6cae7447f6d3ad5-refs/branch-heads/3904@{#800}) on port 33295
Only local connections are allowed.
Please protect ports used by ChromeDriver and related test frameworks to prevent access by malicious code.
1574086474891	mozrunner::runner	INFO	Running command: "C:\\Program Files\\Mozilla Firefox\\firefox.exe" "-marionette" "-foreground" "-no-remote" "-profile" "C:\\Users\\MONIKA~1\\AppData\\Local\\Temp\\rust_mozprofilePx2yLY"
[1574086476.747][WARNING]: Timed out connecting to Chrome, retrying...
1574086477243	addons.webextension.screenshots@mozilla.org	WARN	Loading extension 'screenshots@mozilla.org': Reading manifest: Invalid extension permission: mozillaAddons
1574086477244	addons.webextension.screenshots@mozilla.org	WARN	Loading extension 'screenshots@mozilla.org': Reading manifest: Invalid extension permission: resource://pdf.js/
1574086477244	addons.webextension.screenshots@mozilla.org	WARN	Loading extension 'screenshots@mozilla.org': Reading manifest: Invalid extension permission: about:reader*
Nov 18, 2019 7:44:38 PM org.openqa.selenium.remote.ProtocolHandshake createSession
INFO: Detected dialect: W3C
Nov 18, 2019 7:44:39 PM org.openqa.selenium.remote.ProtocolHandshake createSession
INFO: Detected dialect: OSS
[Parent 46604, Gecko_IOThread] WARNING: pipe error: 109: file z:/task_1558035249/build/src/ipc/chromium/src/chrome/common/ipc_channel_win.cc, line 341
[Child 45364, Chrome_ChildThread] WARNING: pipe error: 109: file z:/task_1558035249/build/src/ipc/chromium/src/chrome/common/ipc_channel_win.cc, line 341
[Child 45364, Chrome_ChildThread] WARNING: pipe error: 109: file z:/task_1558035249/build/src/ipc/chromium/src/chrome/common/ipc_channel_win.cc, line 341

###!!! [Parent][MessageChannel] Error: (msgtype=0x360059,name=PContent::Msg_ProvideAnonymousTemporaryFile) Closed channel: cannot send/recv

1574086499269	Marionette	INFO	Listening on port 59002
1574086499567	Marionette	WARN	TLS certificate errors will be ignored for this session
Nov 18, 2019 7:45:03 PM org.openqa.selenium.remote.ProtocolHandshake createSession
INFO: Detected dialect: W3C
]]></system-err>
  </testcase>
  <testcase name="homepagesetup" classname="tests.SmartWatch" time="48.502">
    <failure message="org/openqa/selenium/WrapsElement" type="java.lang.NoClassDefFoundError">java.lang.NoClassDefFoundError: org/openqa/selenium/WrapsElement
	at tests.SmartWatch.homepagesetup(SmartWatch.java:31)
</failure>
    <system-err><![CDATA[[1574086518.420][WARNING]: Timed out connecting to Chrome, retrying...
]]></system-err>
  </testcase>
  <testcase name="homepagesetup" classname="tests.SmartWatch" time="48.54">
    <failure message="org/openqa/selenium/WrapsElement" type="java.lang.NoClassDefFoundError">java.lang.NoClassDefFoundError: org/openqa/selenium/WrapsElement
	at tests.SmartWatch.homepagesetup(SmartWatch.java:31)
</failure>
  </testcase>
  <testcase name="initLogger" classname="tests.SmartWatch" time="0">
    <skipped/>
  </testcase>
  <testcase name="initLogger" classname="tests.SmartWatch" time="0">
    <skipped/>
  </testcase>
  <testcase name="initLogger" classname="tests.SmartWatch" time="0">
    <skipped/>
  </testcase>
  <testcase name="getProfileTest" classname="tests.SmartWatch" time="0">
    <skipped message="org/openqa/selenium/WrapsElement"/>
  </testcase>
  <testcase name="getProfileTest" classname="tests.SmartWatch" time="0">
    <skipped message="org/openqa/selenium/WrapsElement"/>
  </testcase>
  <testcase name="getProfileTest" classname="tests.SmartWatch" time="0">
    <skipped message="org/openqa/selenium/WrapsElement"/>
  </testcase>
  <testcase name="fail" classname="tests.SmartWatch" time="0">
    <skipped/>
  </testcase>
  <testcase name="fail" classname="tests.SmartWatch" time="0">
    <skipped/>
  </testcase>
  <testcase name="fail" classname="tests.SmartWatch" time="0">
    <skipped/>
  </testcase>
  <testcase name="selectMobile" classname="tests.SmartWatch" time="0">
    <skipped message="Method SmartWatch.selectMobile()[pri:0, instance:tests.SmartWatch@80503] depends on not successfully finished methods"/>
  </testcase>
  <testcase name="selectMobile" classname="tests.SmartWatch" time="0">
    <skipped message="Method SmartWatch.selectMobile()[pri:0, instance:tests.SmartWatch@3dfc5fb8] depends on not successfully finished methods"/>
  </testcase>
  <testcase name="selectMobile" classname="tests.SmartWatch" time="0">
    <skipped message="Method SmartWatch.selectMobile()[pri:0, instance:tests.SmartWatch@3712b94] depends on not successfully finished methods"/>
  </testcase>
  <testcase name="cart" classname="tests.SmartWatch" time="0">
    <skipped message="Method SmartWatch.cart()[pri:0, instance:tests.SmartWatch@80503] depends on not successfully finished methods"/>
  </testcase>
  <testcase name="cart" classname="tests.SmartWatch" time="0">
    <skipped message="Method SmartWatch.cart()[pri:0, instance:tests.SmartWatch@3dfc5fb8] depends on not successfully finished methods"/>
  </testcase>
  <testcase name="cart" classname="tests.SmartWatch" time="0">
    <skipped message="Method SmartWatch.cart()[pri:0, instance:tests.SmartWatch@3712b94] depends on not successfully finished methods"/>
  </testcase>
  <testcase name="release" classname="tests.SmartWatch" time="0">
    <skipped/>
  </testcase>
</testsuite>