<?xml version="1.0" encoding="UTF-8"?>
<testng-results skipped="3" failed="0" ignored="1" total="4" passed="0">
  <reporter-output>
  </reporter-output>
  <suite name="Suite" duration-ms="58" started-at="2019-11-18T07:13:47Z" finished-at="2019-11-18T07:13:47Z">
    <groups>
    </groups>
    <test name="PhantomTest" duration-ms="58" started-at="2019-11-18T07:13:47Z" finished-at="2019-11-18T07:13:47Z">
      <class name="tests.SmartWatch">
        <test-method status="FAIL" signature="setUp(java.lang.String)[pri:0, instance:tests.SmartWatch@6e75aa0d]" name="setUp" is-config="true" duration-ms="28" started-at="2019-11-18T07:13:47Z" finished-at="2019-11-18T07:13:47Z">
          <params>
            <param index="0">
              <value>
                <![CDATA[Phantom]]>
              </value>
            </param>
          </params>
          <exception class="java.lang.NoClassDefFoundError">
            <message>
              <![CDATA[org/openqa/selenium/browserlaunchers/Proxies]]>
            </message>
            <full-stacktrace>
              <![CDATA[java.lang.NoClassDefFoundError: org/openqa/selenium/browserlaunchers/Proxies
at org.openqa.selenium.phantomjs.PhantomJSDriverService.createDefaultService(PhantomJSDriverService.java:178)
at org.openqa.selenium.phantomjs.PhantomJSDriver.<init>(PhantomJSDriver.java:99)
at org.openqa.selenium.phantomjs.PhantomJSDriver.<init>(PhantomJSDriver.java:89)
at basetest.TestBase.setUp(TestBase.java:88)
at sun.reflect.NativeMethodAccessorImpl.invoke0(Native Method)
at sun.reflect.NativeMethodAccessorImpl.invoke(Unknown Source)
at sun.reflect.DelegatingMethodAccessorImpl.invoke(Unknown Source)
at java.lang.reflect.Method.invoke(Unknown Source)
at org.testng.internal.MethodInvocationHelper.invokeMethod(MethodInvocationHelper.java:124)
at org.testng.internal.MethodInvocationHelper.invokeMethodConsideringTimeout(MethodInvocationHelper.java:59)
at org.testng.internal.Invoker.invokeConfigurationMethod(Invoker.java:458)
at org.testng.internal.Invoker.invokeConfigurations(Invoker.java:222)
at org.testng.internal.Invoker.invokeConfigurations(Invoker.java:142)
at org.testng.TestRunner.beforeRun(TestRunner.java:529)
at org.testng.TestRunner.run(TestRunner.java:497)
at org.testng.SuiteRunner.runTest(SuiteRunner.java:455)
at org.testng.SuiteRunner.access$000(SuiteRunner.java:40)
at org.testng.SuiteRunner$SuiteWorker.run(SuiteRunner.java:489)
at org.testng.internal.thread.ThreadUtil$1.call(ThreadUtil.java:52)
at java.util.concurrent.FutureTask.run(Unknown Source)
at java.util.concurrent.ThreadPoolExecutor.runWorker(Unknown Source)
at java.util.concurrent.ThreadPoolExecutor$Worker.run(Unknown Source)
at java.lang.Thread.run(Unknown Source)
Caused by: java.lang.ClassNotFoundException: org.openqa.selenium.browserlaunchers.Proxies
at java.net.URLClassLoader.findClass(Unknown Source)
at java.lang.ClassLoader.loadClass(Unknown Source)
at sun.misc.Launcher$AppClassLoader.loadClass(Unknown Source)
at java.lang.ClassLoader.loadClass(Unknown Source)
... 23 more
]]>
            </full-stacktrace>
          </exception> <!-- java.lang.NoClassDefFoundError -->
          <reporter-output>
          </reporter-output>
        </test-method> <!-- setUp -->
        <test-method status="SKIP" signature="homepagesetup()[pri:0, instance:tests.SmartWatch@6e75aa0d]" name="homepagesetup" is-config="true" duration-ms="0" started-at="2019-11-18T07:13:47Z" depends-on-methods="basetest.TestBase.setUp" finished-at="2019-11-18T07:13:47Z">
          <reporter-output>
          </reporter-output>
        </test-method> <!-- homepagesetup -->
        <test-method status="SKIP" signature="initLogger()[pri:0, instance:tests.SmartWatch@6e75aa0d]" name="initLogger" is-config="true" duration-ms="0" started-at="2019-11-18T07:13:47Z" finished-at="2019-11-18T07:13:47Z">
          <reporter-output>
          </reporter-output>
        </test-method> <!-- initLogger -->
        <test-method status="SKIP" signature="getProfileTest()[pri:0, instance:tests.SmartWatch@6e75aa0d]" name="getProfileTest" duration-ms="0" started-at="2019-11-18T07:13:47Z" finished-at="2019-11-18T07:13:47Z">
          <exception class="java.lang.NoClassDefFoundError">
            <message>
              <![CDATA[org/openqa/selenium/browserlaunchers/Proxies]]>
            </message>
            <full-stacktrace>
              <![CDATA[java.lang.NoClassDefFoundError: org/openqa/selenium/browserlaunchers/Proxies
at org.openqa.selenium.phantomjs.PhantomJSDriverService.createDefaultService(PhantomJSDriverService.java:178)
at org.openqa.selenium.phantomjs.PhantomJSDriver.<init>(PhantomJSDriver.java:99)
at org.openqa.selenium.phantomjs.PhantomJSDriver.<init>(PhantomJSDriver.java:89)
at basetest.TestBase.setUp(TestBase.java:88)
at sun.reflect.NativeMethodAccessorImpl.invoke0(Native Method)
at sun.reflect.NativeMethodAccessorImpl.invoke(Unknown Source)
at sun.reflect.DelegatingMethodAccessorImpl.invoke(Unknown Source)
at java.lang.reflect.Method.invoke(Unknown Source)
at org.testng.internal.MethodInvocationHelper.invokeMethod(MethodInvocationHelper.java:124)
at org.testng.internal.MethodInvocationHelper.invokeMethodConsideringTimeout(MethodInvocationHelper.java:59)
at org.testng.internal.Invoker.invokeConfigurationMethod(Invoker.java:458)
at org.testng.internal.Invoker.invokeConfigurations(Invoker.java:222)
at org.testng.internal.Invoker.invokeConfigurations(Invoker.java:142)
at org.testng.TestRunner.beforeRun(TestRunner.java:529)
at org.testng.TestRunner.run(TestRunner.java:497)
at org.testng.SuiteRunner.runTest(SuiteRunner.java:455)
at org.testng.SuiteRunner.access$000(SuiteRunner.java:40)
at org.testng.SuiteRunner$SuiteWorker.run(SuiteRunner.java:489)
at org.testng.internal.thread.ThreadUtil$1.call(ThreadUtil.java:52)
at java.util.concurrent.FutureTask.run(Unknown Source)
at java.util.concurrent.ThreadPoolExecutor.runWorker(Unknown Source)
at java.util.concurrent.ThreadPoolExecutor$Worker.run(Unknown Source)
at java.lang.Thread.run(Unknown Source)
Caused by: java.lang.ClassNotFoundException: org.openqa.selenium.browserlaunchers.Proxies
at java.net.URLClassLoader.findClass(Unknown Source)
at java.lang.ClassLoader.loadClass(Unknown Source)
at sun.misc.Launcher$AppClassLoader.loadClass(Unknown Source)
at java.lang.ClassLoader.loadClass(Unknown Source)
... 23 more
]]>
            </full-stacktrace>
          </exception> <!-- java.lang.NoClassDefFoundError -->
          <reporter-output>
          </reporter-output>
        </test-method> <!-- getProfileTest -->
        <test-method status="SKIP" signature="fail(org.testng.ITestResult)[pri:0, instance:tests.SmartWatch@6e75aa0d]" name="fail" is-config="true" duration-ms="0" started-at="2019-11-18T07:13:47Z" finished-at="2019-11-18T07:13:47Z">
          <reporter-output>
          </reporter-output>
        </test-method> <!-- fail -->
        <test-method status="SKIP" signature="selectMobile()[pri:0, instance:tests.SmartWatch@6e75aa0d]" name="selectMobile" duration-ms="0" started-at="2019-11-18T07:13:47Z" depends-on-methods="tests.SmartWatch.getProfileTest" finished-at="2019-11-18T07:13:47Z">
          <exception class="java.lang.Throwable">
            <message>
              <![CDATA[Method SmartWatch.selectMobile()[pri:0, instance:tests.SmartWatch@6e75aa0d] depends on not successfully finished methods]]>
            </message>
            <full-stacktrace>
              <![CDATA[java.lang.Throwable: Method SmartWatch.selectMobile()[pri:0, instance:tests.SmartWatch@6e75aa0d] depends on not successfully finished methods
at org.testng.internal.Invoker.invokeTestMethods(Invoker.java:888)
at org.testng.internal.TestMethodWorker.invokeTestMethods(TestMethodWorker.java:125)
at org.testng.internal.TestMethodWorker.run(TestMethodWorker.java:109)
at org.testng.TestRunner.privateRun(TestRunner.java:648)
at org.testng.TestRunner.run(TestRunner.java:505)
at org.testng.SuiteRunner.runTest(SuiteRunner.java:455)
at org.testng.SuiteRunner.access$000(SuiteRunner.java:40)
at org.testng.SuiteRunner$SuiteWorker.run(SuiteRunner.java:489)
at org.testng.internal.thread.ThreadUtil$1.call(ThreadUtil.java:52)
at java.util.concurrent.FutureTask.run(Unknown Source)
at java.util.concurrent.ThreadPoolExecutor.runWorker(Unknown Source)
at java.util.concurrent.ThreadPoolExecutor$Worker.run(Unknown Source)
at java.lang.Thread.run(Unknown Source)
]]>
            </full-stacktrace>
          </exception> <!-- java.lang.Throwable -->
          <reporter-output>
          </reporter-output>
        </test-method> <!-- selectMobile -->
        <test-method status="SKIP" signature="cart()[pri:0, instance:tests.SmartWatch@6e75aa0d]" name="cart" duration-ms="0" started-at="2019-11-18T07:13:47Z" depends-on-methods="tests.SmartWatch.selectMobile" finished-at="2019-11-18T07:13:47Z">
          <exception class="java.lang.Throwable">
            <message>
              <![CDATA[Method SmartWatch.cart()[pri:0, instance:tests.SmartWatch@6e75aa0d] depends on not successfully finished methods]]>
            </message>
            <full-stacktrace>
              <![CDATA[java.lang.Throwable: Method SmartWatch.cart()[pri:0, instance:tests.SmartWatch@6e75aa0d] depends on not successfully finished methods
at org.testng.internal.Invoker.invokeTestMethods(Invoker.java:888)
at org.testng.internal.TestMethodWorker.invokeTestMethods(TestMethodWorker.java:125)
at org.testng.internal.TestMethodWorker.run(TestMethodWorker.java:109)
at org.testng.TestRunner.privateRun(TestRunner.java:648)
at org.testng.TestRunner.run(TestRunner.java:505)
at org.testng.SuiteRunner.runTest(SuiteRunner.java:455)
at org.testng.SuiteRunner.access$000(SuiteRunner.java:40)
at org.testng.SuiteRunner$SuiteWorker.run(SuiteRunner.java:489)
at org.testng.internal.thread.ThreadUtil$1.call(ThreadUtil.java:52)
at java.util.concurrent.FutureTask.run(Unknown Source)
at java.util.concurrent.ThreadPoolExecutor.runWorker(Unknown Source)
at java.util.concurrent.ThreadPoolExecutor$Worker.run(Unknown Source)
at java.lang.Thread.run(Unknown Source)
]]>
            </full-stacktrace>
          </exception> <!-- java.lang.Throwable -->
          <reporter-output>
          </reporter-output>
        </test-method> <!-- cart -->
        <test-method status="PASS" signature="tearDown()[pri:0, instance:tests.SmartWatch@6e75aa0d]" name="tearDown" is-config="true" duration-ms="1" started-at="2019-11-18T07:13:47Z" finished-at="2019-11-18T07:13:47Z">
          <reporter-output>
          </reporter-output>
        </test-method> <!-- tearDown -->
        <test-method status="SKIP" signature="release()[pri:0, instance:tests.SmartWatch@6e75aa0d]" name="release" is-config="true" duration-ms="0" started-at="2019-11-18T07:13:47Z" depends-on-methods="basetest.TestBase.tearDown" finished-at="2019-11-18T07:13:47Z">
          <reporter-output>
          </reporter-output>
        </test-method> <!-- release -->
      </class> <!-- tests.SmartWatch -->
    </test> <!-- PhantomTest -->
  </suite> <!-- Suite -->
</testng-results>
