<?xml version="1.0" encoding="UTF-8"?>
<!-- Generated by org.testng.reporters.JUnitXMLReporter -->
<testsuite hostname="EPINHYDW1414" ignored="1" name="ChromeTest_TESTNG" tests="3" failures="0" timestamp="18 Nov 2019 13:33:58 GMT" time="77.454" errors="0">
  <testcase name="getProfileTest" time="24.494" classname="tests.SmartWatch"/>
  <testcase name="selectMobile" time="11.608" classname="tests.SmartWatch"/>
  <testcase name="cart" time="14.063" classname="tests.SmartWatch"/>
  <testcase name="nothingtodo" time="0.0" classname="basetest.ExtentReportsBaseTest">
    <ignored/>
  </testcase> <!-- nothingtodo -->
</testsuite> <!-- ChromeTest_TESTNG -->
