<?xml version="1.0" encoding="UTF-8"?>
<!-- Generated by org.testng.reporters.JUnitXMLReporter -->
<testsuite hostname="EPINHYDW1414" ignored="1" name="ChromeTest_TESTNG" tests="3" failures="0" timestamp="19 Nov 2019 05:14:14 GMT" time="59.052" errors="0">
  <testcase name="getProfileTest" time="9.384" classname="tests.SmartWatch"/>
  <testcase name="selectMobile" time="11.072" classname="tests.SmartWatch"/>
  <testcase name="cart" time="10.709" classname="tests.SmartWatch"/>
  <testcase name="nothingtodo" time="0.0" classname="basetest.ExtentReportsBaseTest">
    <ignored/>
  </testcase> <!-- nothingtodo -->
</testsuite> <!-- ChromeTest_TESTNG -->
