<?xml version="1.0" encoding="UTF-8"?>
<!-- Generated by org.testng.reporters.JUnitXMLReporter -->
<testsuite hostname="EPINHYDW1414" ignored="1" name="FirefoxTest_TESTNG" tests="3" failures="0" timestamp="18 Nov 2019 13:33:44 GMT" time="63.508" errors="0">
  <testcase name="getProfileTest" time="18.313" classname="tests.SmartWatch"/>
  <testcase name="selectMobile" time="12.777" classname="tests.SmartWatch"/>
  <testcase name="cart" time="8.123" classname="tests.SmartWatch"/>
  <testcase name="nothingtodo" time="0.0" classname="basetest.ExtentReportsBaseTest">
    <ignored/>
  </testcase> <!-- nothingtodo -->
</testsuite> <!-- FirefoxTest_TESTNG -->
