<?xml version="1.0" encoding="UTF-8"?>
<!-- Generated by org.testng.reporters.JUnitXMLReporter -->
<testsuite hostname="EPINHYDW1414" ignored="1" name="FirefoxTest_TESTNG" tests="3" failures="0" timestamp="19 Nov 2019 05:48:12 GMT" time="66.113" errors="0">
  <testcase name="getProfileTest" time="12.6" classname="tests.SmartWatch"/>
  <testcase name="selectMobile" time="14.683" classname="tests.SmartWatch"/>
  <testcase name="cart" time="11.476" classname="tests.SmartWatch"/>
  <testcase name="nothingtodo" time="0.0" classname="basetest.ExtentReportsBaseTest">
    <ignored/>
  </testcase> <!-- nothingtodo -->
</testsuite> <!-- FirefoxTest_TESTNG -->
